<?xml version="1.0" encoding="UTF-8"?>
<testng-results skipped="0" failed="0" ignored="0" total="2" passed="2">
  <reporter-output>
  </reporter-output>
  <suite name="Default suite" duration-ms="24920" started-at="2020-10-27T01:55:31 BDT" finished-at="2020-10-27T01:55:56 BDT">
    <groups>
    </groups>
    <test name="Default test" duration-ms="24920" started-at="2020-10-27T01:55:31 BDT" finished-at="2020-10-27T01:55:56 BDT">
      <class name="com.bitm.SeleniumOnlineProject.Test.LoginTest">
        <test-method status="PASS" signature="CheckLoginPageTitle()[pri:0, instance:com.bitm.SeleniumOnlineProject.Test.LoginTest@22555ebf]" name="CheckLoginPageTitle" duration-ms="15621" started-at="2020-10-27T01:55:31 BDT" finished-at="2020-10-27T01:55:46 BDT">
          <reporter-output>
          </reporter-output>
        </test-method> <!-- CheckLoginPageTitle -->
        <test-method status="PASS" signature="Login()[pri:0, instance:com.bitm.SeleniumOnlineProject.Test.LoginTest@22555ebf]" name="Login" duration-ms="9239" started-at="2020-10-27T01:55:46 BDT" depends-on-methods="com.bitm.SeleniumOnlineProject.Test.LoginTest.CheckLoginPageTitle" finished-at="2020-10-27T01:55:56 BDT">
          <reporter-output>
          </reporter-output>
        </test-method> <!-- Login -->
      </class> <!-- com.bitm.SeleniumOnlineProject.Test.LoginTest -->
    </test> <!-- Default test -->
  </suite> <!-- Default suite -->
</testng-results>
